<?xml version="1.0" encoding="UTF-8" standalone="no"?>
<testsuite failures="0" name="cucumber.runtime.formatter.JUnitFormatter" skipped="2" tests="2" time="31.357741">
<testcase classname="Advantage Online" name="verify mice color" time="13.49157">
<skipped><![CDATA[Given I am in the site......................................................passed
And I select the Mice category..............................................passed
When I filter by "white" color..............................................passed
Then the mouse price is "29.99".............................................undefined
]]></skipped>
</testcase>
<testcase classname="Advantage Online" name="verify mice color 2" time="17.866171">
<skipped><![CDATA[Given I am in the site......................................................passed
And I select the Mice category..............................................passed
When I filter by "purple" color.............................................passed
Then the mouse price is "9.99"..............................................undefined
]]></skipped>
</testcase>
</testsuite>
