<?xml version="1.0" encoding="UTF-8" ?>
<testsuite tests="10" failures="0" name="com.hp.lft.LeanFtTest" time="1.071" errors="0" skipped="0">
  <properties>
[...]
</properties>
  <testcase classname="| white | $29.99 |" name="Given I am in the site" time="0.002"/>
  <testcase classname="| white | $29.99 |" name="And I select the Mice category" time="0.008"/>
  <testcase classname="| white | $29.99 |" name="When I filter by &quot;white&quot; color" time="0"/>
  <testcase classname="| white | $29.99 |" name="Then the mouse price is $29.99" time="0"/>
  <testcase classname="| white | $29.99 |" name="| white | $29.99 |" time="0.528"/>
  <testcase classname="| purple | $9.99 |" name="Given I am in the site" time="0"/>
  <testcase classname="| purple | $9.99 |" name="And I select the Mice category" time="0"/>
  <testcase classname="| purple | $9.99 |" name="When I filter by &quot;purple&quot; color" time="0"/>
  <testcase classname="| purple | $9.99 |" name="Then the mouse price is $9.99" time="0"/>
  <testcase classname="| purple | $9.99 |" name="| purple | $9.99 |" time="0.533"/>
</testsuite>